<?xml version="1.0" encoding="UTF-8"?>
<!-- Generated by org.testng.reporters.JUnitReportReporter -->
<testsuite hostname="LAPTOP-07A3GNUV" failures="0" tests="3" name="testng.TNG_001" time="0.010" errors="0" timestamp="2024-05-24T11:58:01 IST" skipped="1">
  <testcase classname="testng.TNG_001" name="Z" time="0.009"/>
  <system-out/>
  <testcase classname="testng.TNG_001" name="f" time="0.001"/>
  <system-out/>
  <testcase classname="testng.TNG_001" name="a">
    <skipped/>
  </testcase> <!-- a -->
  <system-out/>
</testsuite> <!-- testng.TNG_001 -->
