<?xml version="1.0" encoding="UTF-8"?>
<!-- Generated by org.testng.reporters.JUnitReportReporter -->
<testsuite hostname="LAPTOP-07A3GNUV" failures="0" tests="1" name="testng.TNG_002" time="7.448" errors="0" timestamp="2024-06-12T16:20:44 IST" skipped="0">
  <testcase classname="testng.TNG_002" name="f" time="7.448"/>
  <system-out/>
</testsuite> <!-- testng.TNG_002 -->
