<?xml version="1.0" encoding="UTF-8"?>
<!-- Generated by org.testng.reporters.JUnitReportReporter -->
<testsuite hostname="LAPTOP-07A3GNUV" failures="0" tests="1" name="testng.TNG_002" time="4.574" errors="0" timestamp="2024-05-25T09:32:30 IST" skipped="0">
  <testcase classname="testng.TNG_002" name="f" time="4.574"/>
  <system-out/>
</testsuite> <!-- testng.TNG_002 -->
