<?xml version="1.0" encoding="UTF-8"?>
<!-- Generated by org.testng.reporters.JUnitReportReporter -->
<testsuite hostname="LAPTOP-07A3GNUV" failures="0" tests="1" name="testng.NewTest" time="0.018" errors="0" timestamp="2024-04-17T18:19:00 IST" skipped="0">
  <testcase classname="testng.NewTest" name="f" time="0.018"/>
  <system-out/>
</testsuite> <!-- testng.NewTest -->
